<?xml version="1.0" encoding="UTF-8" ?>
<testsuite tests="1" failures="0" name="com.project.Backend.CartLine.TestCartLine" time="1.115" errors="1" skipped="0">
  <properties>
[...]
</properties>
  <testcase classname="com.project.Backend.CartLine.TestCartLine" name="addNewCart" time="1.115">
    <error type="java.lang.NullPointerException">java.lang.NullPointerException
	at com.project.Backend.CartLine.TestCartLine.addNewCart(TestCartLine.java:61)
	at sun.reflect.NativeMethodAccessorImpl.invoke0(Native Method)
	at sun.reflect.NativeMethodAccessorImpl.invoke(NativeMethodAccessorImpl.java:62)
	at sun.reflect.DelegatingMethodAccessorImpl.invoke(DelegatingMethodAccessorImpl.java:43)
	at java.lang.reflect.Method.invoke(Method.java:498)
	at org.junit.runners.model.FrameworkMethod$1.runReflectiveCall(FrameworkMethod.java:50)
	at org.junit.internal.runners.model.ReflectiveCallable.run(ReflectiveCallable.java:12)
	at org.junit.runners.model.FrameworkMethod.invokeExplosively(FrameworkMethod.java:47)
	at org.junit.internal.runners.statements.InvokeMethod.evaluate(InvokeMethod.java:17)
	at org.junit.runners.ParentRunner.runLeaf(ParentRunner.java:325)
	at org.junit.runners.BlockJUnit4ClassRunner.runChild(BlockJUnit4ClassRunner.java:78)
	at org.junit.runners.BlockJUnit4ClassRunner.runChild(BlockJUnit4ClassRunner.java:57)
	at org.junit.runners.ParentRunner$3.run(ParentRunner.java:290)
	at org.junit.runners.ParentRunner$1.schedule(ParentRunner.java:71)
	at org.junit.runners.ParentRunner.runChildren(ParentRunner.java:288)
	at org.junit.runners.ParentRunner.access$000(ParentRunner.java:58)
	at org.junit.runners.ParentRunner$2.evaluate(ParentRunner.java:268)
	at org.junit.internal.runners.statements.RunBefores.evaluate(RunBefores.java:26)
	at org.junit.runners.ParentRunner.run(ParentRunner.java:363)
	at org.apache.maven.surefire.junit4.JUnit4Provider.execute(JUnit4Provider.java:252)
	at org.apache.maven.surefire.junit4.JUnit4Provider.executeTestSet(JUnit4Provider.java:141)
	at org.apache.maven.surefire.junit4.JUnit4Provider.invoke(JUnit4Provider.java:112)
	at sun.reflect.NativeMethodAccessorImpl.invoke0(Native Method)
	at sun.reflect.NativeMethodAccessorImpl.invoke(NativeMethodAccessorImpl.java:62)
	at sun.reflect.DelegatingMethodAccessorImpl.invoke(DelegatingMethodAccessorImpl.java:43)
	at java.lang.reflect.Method.invoke(Method.java:498)
	at org.apache.maven.surefire.util.ReflectionUtils.invokeMethodWithArray(ReflectionUtils.java:189)
	at org.apache.maven.surefire.booter.ProviderFactory$ProviderProxy.invoke(ProviderFactory.java:165)
	at org.apache.maven.surefire.booter.ProviderFactory.invokeProvider(ProviderFactory.java:85)
	at org.apache.maven.surefire.booter.ForkedBooter.runSuitesInProcess(ForkedBooter.java:115)
	at org.apache.maven.surefire.booter.ForkedBooter.main(ForkedBooter.java:75)
</error>
    <system-out>INFO  HHH000412: Hibernate Core {5.2.7.Final} 02:18:09.975 org.hibernate.Version 
INFO  HHH000206: hibernate.properties not found 02:18:09.988 org.hibernate.cfg.Environment 
Hibernate Properties created
INFO  HCANN000001: Hibernate Commons Annotations {5.0.1.Final} 02:18:10.223 o.h.annotations.common.Version 
INFO  HHH000400: Using dialect: org.hibernate.dialect.H2Dialect 02:18:11.073 org.hibernate.dialect.Dialect 
INFO  HV000001: Hibernate Validator 5.4.1.Final 02:18:13.980 o.h.validator.internal.util.Version 
INFO  HHH000397: Using ASTQueryTranslatorFactory 02:18:16.093 o.h.h.i.QueryTranslatorFactoryInitiator 
Hibernate: 
    select
        user0_.id as id1_5_,
        user0_.contact_number as contact_2_5_,
        user0_.email as email3_5_,
        user0_.enabled as enabled4_5_,
        user0_.first_name as first_na5_5_,
        user0_.last_name as last_nam6_5_,
        user0_.password as password7_5_,
        user0_.role as role8_5_ 
    from
        user_detail user0_ 
    where
        user0_.email=?
Hibernate: 
    select
        cart0_.id as id1_1_1_,
        cart0_.cart_lines as cart_lin2_1_1_,
        cart0_.GRAND_TOTAL as GRAND_TO3_1_1_,
        cart0_.user_id as user_id4_1_1_,
        user1_.id as id1_5_0_,
        user1_.contact_number as contact_2_5_0_,
        user1_.email as email3_5_0_,
        user1_.enabled as enabled4_5_0_,
        user1_.first_name as first_na5_5_0_,
        user1_.last_name as last_nam6_5_0_,
        user1_.password as password7_5_0_,
        user1_.role as role8_5_0_ 
    from
        Cart cart0_ 
    left outer join
        user_detail user1_ 
            on cart0_.user_id=user1_.id 
    where
        cart0_.user_id=?
Hibernate: 
    select
        product0_.id as id1_4_0_,
        product0_.is_active as is_activ2_4_0_,
        product0_.brand as brand3_4_0_,
        product0_.category_id as category4_4_0_,
        product0_.code as code5_4_0_,
        product0_.description as descript6_4_0_,
        product0_.name as name7_4_0_,
        product0_.purchases as purchase8_4_0_,
        product0_.quantity as quantity9_4_0_,
        product0_.supplier_id as supplie10_4_0_,
        product0_.unit_price as unit_pr11_4_0_,
        product0_.views as views12_4_0_ 
    from
        Product product0_ 
    where
        product0_.id=?
</system-out>
  </testcase>
</testsuite>